<?xml version="1.0" encoding="UTF-8"?>
<!-- Generated by org.testng.reporters.JUnitXMLReporter -->
<testsuite hostname="Admin-PC" ignored="0" name="Default test" tests="3" failures="0" timestamp="24 Aug 2019 09:34:08 GMT" time="15.113" errors="0">
  <testcase name="loginwithValidds1" time="4.386" classname="com.model.MvnTest"/>
  <testcase name="loginwithValidds2" time="3.532" classname="com.model.MvnTest"/>
  <testcase name="loginwithInValidds" time="1.916" classname="com.model.MvnTest"/>
</testsuite> <!-- Default test -->
