<?xml version="1.0" encoding="UTF-8"?>
<!-- Generated by org.testng.reporters.JUnitXMLReporter -->
<testsuite hostname="Admin-PC" ignored="0" name="Test" tests="3" failures="0" timestamp="24 Aug 2019 09:47:38 GMT" time="17.8" errors="0">
  <testcase name="loginwithValidds1" time="5.183" classname="com.model.MvnTest"/>
  <testcase name="loginwithValidds2" time="4.587" classname="com.model.MvnTest"/>
  <testcase name="loginwithInValidds" time="2.439" classname="com.model.MvnTest"/>
</testsuite> <!-- Test -->
